{"recorder_version":"21","session":"53e2c1bffa72","build":"192.6262.58","bucket":"37","time":1598942386095,"group":{"id":"settings","version":"4"},"event":{"state":true,"data":{"component":"NotRoamableUiSettings","created":1598942386294},"id":"invoked"}}
{"recorder_version":"21","session":"53e2c1bffa72","build":"192.6262.58","bucket":"37","time":1598942386097,"group":{"id":"system.java","version":"1"},"event":{"state":true,"data":{"created":1598942386295,"version":"validation.undefined_rule"},"id":"validation.undefined_rule"}}
{"recorder_version":"21","session":"53e2c1bffa72","build":"192.6262.58","bucket":"37","time":1598942386097,"group":{"id":"system.java","version":"1"},"event":{"state":true,"data":{"created":1598942386302},"id":"invoked"}}
{"recorder_version":"21","session":"53e2c1bffa72","build":"192.6262.58","bucket":"37","time":1598942386098,"group":{"id":"settings","version":"4"},"event":{"state":true,"data":{"component":"UISettings","created":1598942386303},"id":"invoked"}}
{"recorder_version":"21","session":"53e2c1bffa72","build":"192.6262.58","bucket":"37","time":1598942386135,"group":{"id":"system.os","version":"3"},"event":{"state":true,"data":{"created":1598942386304,"version":"10.15"},"id":"Mac"}}
{"recorder_version":"21","session":"53e2c1bffa72","build":"192.6262.58","bucket":"37","time":1598942386135,"group":{"id":"system.os","version":"3"},"event":{"state":true,"data":{"created":1598942386304,"name":"Mac","version":"10.15"},"id":"os.name"}}
{"recorder_version":"21","session":"53e2c1bffa72","build":"192.6262.58","bucket":"37","time":1598942386135,"group":{"id":"system.os","version":"3"},"event":{"state":true,"data":{"created":1598942386305,"value":"+07_00"},"id":"os.timezone"}}
{"recorder_version":"21","session":"53e2c1bffa72","build":"192.6262.58","bucket":"37","time":1598942386135,"group":{"id":"system.os","version":"3"},"event":{"state":true,"data":{"created":1598942386305},"id":"invoked"}}
{"recorder_version":"21","session":"53e2c1bffa72","build":"192.6262.58","bucket":"37","time":1598942386294,"group":{"id":"event.log","version":"21"},"event":{"count":1,"data":{"created":1598942386306,"version":"1401.0"},"id":"whitelist.loaded"}}
{"recorder_version":"21","session":"53e2c1bffa72","build":"192.6262.58","bucket":"37","time":1598942386872,"group":{"id":"settings","version":"4"},"event":{"state":true,"data":{"component":"UpdatesConfigurable","created":1598942386872,"name":"checkNeeded","type":"bool","value":false},"id":"not.default"}}
{"recorder_version":"21","session":"53e2c1bffa72","build":"192.6262.58","bucket":"37","time":1598942386872,"group":{"id":"settings","version":"4"},"event":{"state":true,"data":{"component":"UpdatesConfigurable","created":1598942386873},"id":"invoked"}}
{"recorder_version":"21","session":"53e2c1bffa72","build":"192.6262.58","bucket":"37","time":1598942387155,"group":{"id":"settings","version":"4"},"event":{"state":true,"data":{"component":"GeneralSettings","created":1598942387155,"name":"showTipsOnStartup","type":"bool","value":false},"id":"not.default"}}
{"recorder_version":"21","session":"53e2c1bffa72","build":"192.6262.58","bucket":"37","time":1598942387155,"group":{"id":"settings","version":"4"},"event":{"state":true,"data":{"component":"GeneralSettings","created":1598942387156},"id":"invoked"}}
{"recorder_version":"21","session":"53e2c1bffa72","build":"192.6262.58","bucket":"37","time":1598942387160,"group":{"id":"lifecycle","version":"21"},"event":{"count":1,"data":{"internal":true,"eap":false,"created":1598942387160},"id":"ide.start"}}
{"recorder_version":"21","session":"53e2c1bffa72","build":"192.6262.58","bucket":"37","time":1598942387713,"group":{"id":"performance","version":"21"},"event":{"count":1,"data":{"duration_ms":289,"created":1598942387713},"id":"ui.latency"}}
{"recorder_version":"21","session":"53e2c1bffa72","build":"192.6262.58","bucket":"37","time":1598942387713,"group":{"id":"performance","version":"21"},"event":{"count":1,"data":{"duration_ms":289,"created":1598942387713},"id":"ui.lagging"}}
{"recorder_version":"21","session":"53e2c1bffa72","build":"192.6262.58","bucket":"37","time":1598942388111,"group":{"id":"ui.dialogs","version":"21"},"event":{"count":1,"data":{"created":1598942388111,"plugin_type":"PLATFORM","type":"show"},"id":"com.intellij.openapi.progress.util.ProgressDialog$MyDialogWrapper"}}
{"recorder_version":"21","session":"53e2c1bffa72","build":"192.6262.58","bucket":"37","time":1598942389634,"group":{"id":"lifecycle","version":"21"},"event":{"count":1,"data":{"created":1598942389635,"project":"2a01d4dd650215c704f580f361e9dbc7ef4d892f11a66eec055544305df8a854"},"id":"project.opened"}}
{"recorder_version":"21","session":"53e2c1bffa72","build":"192.6262.58","bucket":"37","time":1598942391225,"group":{"id":"performance","version":"21"},"event":{"count":1,"data":{"duration_ms":798,"created":1598942391225},"id":"ui.lagging"}}
{"recorder_version":"21","session":"53e2c1bffa72","build":"192.6262.58","bucket":"37","time":1598942391635,"group":{"id":"performance","version":"21"},"event":{"count":1,"data":{"duration_ms":204,"created":1598942391635},"id":"ui.lagging"}}
{"recorder_version":"21","session":"53e2c1bffa72","build":"192.6262.58","bucket":"37","time":1598942392755,"group":{"id":"settings","version":"4"},"event":{"state":true,"data":{"component":"XmlEditorOptions","created":1598942392755},"id":"invoked"}}
{"recorder_version":"21","session":"53e2c1bffa72","build":"192.6262.58","bucket":"37","time":1598942392857,"group":{"id":"performance","version":"21"},"event":{"count":1,"data":{"duration_ms":425,"created":1598942392857},"id":"ui.lagging"}}
{"recorder_version":"21","session":"53e2c1bffa72","build":"192.6262.58","bucket":"37","time":1598942393596,"group":{"id":"performance","version":"21"},"event":{"count":1,"data":{"duration_ms":163,"created":1598942393596},"id":"ui.lagging"}}
{"recorder_version":"21","session":"53e2c1bffa72","build":"192.6262.58","bucket":"37","time":1598942395280,"group":{"id":"kotlin.jps.target","version":"1"},"event":{"count":1,"data":{"plugin_version":"validation.undefined_rule","created":1598942395280},"id":"validation.undefined_rule"}}
{"recorder_version":"21","session":"53e2c1bffa72","build":"192.6262.58","bucket":"37","time":1598942396106,"group":{"id":"project.fs","version":"1"},"event":{"state":true,"data":{"os":"Mac","cs-project":false,"created":1598942396106,"project":"2a01d4dd650215c704f580f361e9dbc7ef4d892f11a66eec055544305df8a854","cs-implicit":true,"cs-system":false},"id":"case-sensitivity"}}
{"recorder_version":"21","session":"53e2c1bffa72","build":"192.6262.58","bucket":"37","time":1598942396106,"group":{"id":"project.fs","version":"1"},"event":{"state":true,"data":{"created":1598942396107},"id":"invoked"}}
{"recorder_version":"21","session":"53e2c1bffa72","build":"192.6262.58","bucket":"37","time":1598942396119,"group":{"id":"project.fs","version":"1"},"event":{"state":true,"data":{"pct-non-watched":0,"created":1598942396119,"project":"2a01d4dd650215c704f580f361e9dbc7ef4d892f11a66eec055544305df8a854"},"id":"roots-watched"}}
{"recorder_version":"21","session":"53e2c1bffa72","build":"192.6262.58","bucket":"37","time":1598942396119,"group":{"id":"project.fs","version":"1"},"event":{"state":true,"data":{"created":1598942396120},"id":"invoked"}}
{"recorder_version":"21","session":"53e2c1bffa72","build":"192.6262.58","bucket":"37","time":1598942396465,"group":{"id":"ui.dialogs","version":"21"},"event":{"count":1,"data":{"code":1,"created":1598942396465,"plugin_type":"PLATFORM","type":"close"},"id":"com.intellij.openapi.progress.util.ProgressDialog$MyDialogWrapper"}}
{"recorder_version":"21","session":"53e2c1bffa72","build":"192.6262.58","bucket":"37","time":1598942396712,"group":{"id":"lifecycle","version":"21"},"event":{"count":1,"data":{"duration_ms":8764,"created":1598942396712,"project":"2a01d4dd650215c704f580f361e9dbc7ef4d892f11a66eec055544305df8a854"},"id":"project.opening.finished"}}
{"recorder_version":"21","session":"53e2c1bffa72","build":"192.6262.58","bucket":"37","time":1598942397973,"group":{"id":"performance","version":"21"},"event":{"count":1,"data":{"duration_ms":533,"created":1598942397973},"id":"ui.lagging"}}
{"recorder_version":"21","session":"53e2c1bffa72","build":"192.6262.58","bucket":"37","time":1598942407114,"group":{"id":"lifecycle","version":"21"},"event":{"count":1,"data":{"created":1598942407114,"project":"2a01d4dd650215c704f580f361e9dbc7ef4d892f11a66eec055544305df8a854"},"id":"frame.activated"}}
{"recorder_version":"21","session":"53e2c1bffa72","build":"192.6262.58","bucket":"37","time":1598942415925,"group":{"id":"lifecycle","version":"21"},"event":{"count":1,"data":{"created":1598942415925,"project":"2a01d4dd650215c704f580f361e9dbc7ef4d892f11a66eec055544305df8a854"},"id":"frame.deactivated"}}
{"recorder_version":"21","session":"53e2c1bffa72","build":"192.6262.58","bucket":"37","time":1598942488643,"group":{"id":"performance","version":"21"},"event":{"count":1,"data":{"duration_ms":0,"created":1598942488643},"id":"ui.latency"}}
{"recorder_version":"21","session":"53e2c1bffa72","build":"192.6262.58","bucket":"37","time":1598942540357,"group":{"id":"lifecycle","version":"21"},"event":{"count":1,"data":{"created":1598942540357,"project":"2a01d4dd650215c704f580f361e9dbc7ef4d892f11a66eec055544305df8a854"},"id":"frame.activated"}}
{"recorder_version":"21","session":"53e2c1bffa72","build":"192.6262.58","bucket":"37","time":1598942541327,"group":{"id":"toolwindow","version":"21"},"event":{"count":1,"data":{"os":"Mac","created":1598942541327,"plugin_type":"PLATFORM"},"id":"Project"}}
{"recorder_version":"21","session":"53e2c1bffa72","build":"192.6262.58","bucket":"37","time":1598942544743,"group":{"id":"actions","version":"21"},"event":{"count":1,"data":{"context_menu":false,"created":1598942544743,"plugin_type":"PLATFORM","project":"2a01d4dd650215c704f580f361e9dbc7ef4d892f11a66eec055544305df8a854","place":"keyboard_shortcut","class":"com.intellij.ide.actions.DeleteAction","input_event":"Backspace"},"id":"$Delete"}}
{"recorder_version":"21","session":"53e2c1bffa72","build":"192.6262.58","bucket":"37","time":1598942544905,"group":{"id":"performance","version":"21"},"event":{"count":1,"data":{"duration_ms":114,"created":1598942544906},"id":"ui.lagging"}}
{"recorder_version":"21","session":"53e2c1bffa72","build":"192.6262.58","bucket":"37","time":1598942547181,"group":{"id":"performance","version":"21"},"event":{"count":1,"data":{"duration_ms":389,"created":1598942547182},"id":"ui.lagging"}}
{"recorder_version":"21","session":"53e2c1bffa72","build":"192.6262.58","bucket":"37","time":1598942549810,"group":{"id":"actions","version":"21"},"event":{"count":1,"data":{"context_menu":true,"created":1598942549810,"plugin_type":"NOT_LISTED","project":"2a01d4dd650215c704f580f361e9dbc7ef4d892f11a66eec055544305df8a854","place":"ProjectViewPopup","class":"third.party","input_event":"MouseLeft"},"id":"third.party"}}
{"recorder_version":"21","session":"53e2c1bffa72","build":"192.6262.58","bucket":"37","time":1598942549844,"group":{"id":"ui.dialogs","version":"21"},"event":{"count":1,"data":{"created":1598942549844,"plugin_type":"PLATFORM","type":"show"},"id":"com.intellij.openapi.ui.Messages$InputDialog"}}
{"recorder_version":"21","session":"53e2c1bffa72","build":"192.6262.58","bucket":"37","time":1598942549905,"group":{"id":"performance","version":"21"},"event":{"count":1,"data":{"duration_ms":108,"created":1598942549905},"id":"ui.lagging"}}
{"recorder_version":"21","session":"53e2c1bffa72","build":"192.6262.58","bucket":"37","time":1598942551364,"group":{"id":"actions","version":"21"},"event":{"count":1,"data":{"created":1598942551364,"input_event":"Enter"},"id":"DialogOkAction"}}
{"recorder_version":"21","session":"53e2c1bffa72","build":"192.6262.58","bucket":"37","time":1598942551364,"group":{"id":"ui.dialogs","version":"21"},"event":{"count":1,"data":{"code":0,"created":1598942551364,"plugin_type":"PLATFORM","type":"close"},"id":"com.intellij.openapi.ui.Messages$InputDialog"}}
{"recorder_version":"21","session":"53e2c1bffa72","build":"192.6262.58","bucket":"37","time":1598942551421,"group":{"id":"lifecycle","version":"21"},"event":{"count":1,"data":{"created":1598942551421,"project":"2a01d4dd650215c704f580f361e9dbc7ef4d892f11a66eec055544305df8a854"},"id":"frame.deactivated"}}
{"recorder_version":"21","session":"53e2c1bffa72","build":"192.6262.58","bucket":"37","time":1598942551424,"group":{"id":"lifecycle","version":"21"},"event":{"count":1,"data":{"created":1598942551424,"project":"2a01d4dd650215c704f580f361e9dbc7ef4d892f11a66eec055544305df8a854"},"id":"frame.activated"}}
{"recorder_version":"21","session":"53e2c1bffa72","build":"192.6262.58","bucket":"37","time":1598942551434,"group":{"id":"lifecycle","version":"21"},"event":{"count":1,"data":{"created":1598942551434,"plugin_type":"NOT_LISTED","error":"java.lang.Throwable"},"id":"ide.error"}}
