{"recorder_version":"21","session":"7653c44098cf","build":"192.6262.58","bucket":"37","time":1598942582208,"group":{"id":"settings","version":"4"},"event":{"state":true,"data":{"component":"NotRoamableUiSettings","created":1598942582423},"id":"invoked"}}
{"recorder_version":"21","session":"7653c44098cf","build":"192.6262.58","bucket":"37","time":1598942582210,"group":{"id":"system.java","version":"1"},"event":{"state":true,"data":{"created":1598942582424,"version":"validation.undefined_rule"},"id":"validation.undefined_rule"}}
{"recorder_version":"21","session":"7653c44098cf","build":"192.6262.58","bucket":"37","time":1598942582210,"group":{"id":"system.java","version":"1"},"event":{"state":true,"data":{"created":1598942582432},"id":"invoked"}}
{"recorder_version":"21","session":"7653c44098cf","build":"192.6262.58","bucket":"37","time":1598942582211,"group":{"id":"settings","version":"4"},"event":{"state":true,"data":{"component":"UISettings","created":1598942582433},"id":"invoked"}}
{"recorder_version":"21","session":"7653c44098cf","build":"192.6262.58","bucket":"37","time":1598942582233,"group":{"id":"system.os","version":"3"},"event":{"state":true,"data":{"created":1598942582434,"version":"10.15"},"id":"Mac"}}
{"recorder_version":"21","session":"7653c44098cf","build":"192.6262.58","bucket":"37","time":1598942582233,"group":{"id":"system.os","version":"3"},"event":{"state":true,"data":{"created":1598942582435,"name":"Mac","version":"10.15"},"id":"os.name"}}
{"recorder_version":"21","session":"7653c44098cf","build":"192.6262.58","bucket":"37","time":1598942582233,"group":{"id":"system.os","version":"3"},"event":{"state":true,"data":{"created":1598942582435,"value":"+07_00"},"id":"os.timezone"}}
{"recorder_version":"21","session":"7653c44098cf","build":"192.6262.58","bucket":"37","time":1598942582233,"group":{"id":"system.os","version":"3"},"event":{"state":true,"data":{"created":1598942582436},"id":"invoked"}}
{"recorder_version":"21","session":"7653c44098cf","build":"192.6262.58","bucket":"37","time":1598942582423,"group":{"id":"event.log","version":"21"},"event":{"count":1,"data":{"created":1598942582437,"version":"1401.0"},"id":"whitelist.loaded"}}
{"recorder_version":"21","session":"7653c44098cf","build":"192.6262.58","bucket":"37","time":1598942582925,"group":{"id":"settings","version":"4"},"event":{"state":true,"data":{"component":"UpdatesConfigurable","created":1598942582926,"name":"checkNeeded","type":"bool","value":false},"id":"not.default"}}
{"recorder_version":"21","session":"7653c44098cf","build":"192.6262.58","bucket":"37","time":1598942582926,"group":{"id":"settings","version":"4"},"event":{"state":true,"data":{"component":"UpdatesConfigurable","created":1598942582927},"id":"invoked"}}
{"recorder_version":"21","session":"7653c44098cf","build":"192.6262.58","bucket":"37","time":1598942583152,"group":{"id":"settings","version":"4"},"event":{"state":true,"data":{"component":"GeneralSettings","created":1598942583152,"name":"showTipsOnStartup","type":"bool","value":false},"id":"not.default"}}
{"recorder_version":"21","session":"7653c44098cf","build":"192.6262.58","bucket":"37","time":1598942583152,"group":{"id":"settings","version":"4"},"event":{"state":true,"data":{"component":"GeneralSettings","created":1598942583153},"id":"invoked"}}
{"recorder_version":"21","session":"7653c44098cf","build":"192.6262.58","bucket":"37","time":1598942583157,"group":{"id":"lifecycle","version":"21"},"event":{"count":1,"data":{"internal":true,"eap":false,"created":1598942583157},"id":"ide.start"}}
{"recorder_version":"21","session":"7653c44098cf","build":"192.6262.58","bucket":"37","time":1598942583428,"group":{"id":"lifecycle","version":"21"},"event":{"count":1,"data":{"created":1598942583428},"id":"frame.activated"}}
{"recorder_version":"21","session":"7653c44098cf","build":"192.6262.58","bucket":"37","time":1598942583605,"group":{"id":"performance","version":"21"},"event":{"count":1,"data":{"duration_ms":75,"created":1598942583605},"id":"ui.latency"}}
{"recorder_version":"21","session":"7653c44098cf","build":"192.6262.58","bucket":"37","time":1598942583950,"group":{"id":"ui.dialogs","version":"21"},"event":{"count":1,"data":{"created":1598942583950,"plugin_type":"PLATFORM","type":"show"},"id":"com.intellij.openapi.progress.util.ProgressDialog$MyDialogWrapper"}}
{"recorder_version":"21","session":"7653c44098cf","build":"192.6262.58","bucket":"37","time":1598942585612,"group":{"id":"lifecycle","version":"21"},"event":{"count":1,"data":{"created":1598942585612,"project":"2a01d4dd650215c704f580f361e9dbc7ef4d892f11a66eec055544305df8a854"},"id":"project.opened"}}
{"recorder_version":"21","session":"7653c44098cf","build":"192.6262.58","bucket":"37","time":1598942587061,"group":{"id":"performance","version":"21"},"event":{"count":1,"data":{"duration_ms":528,"created":1598942587061},"id":"ui.lagging"}}
{"recorder_version":"21","session":"7653c44098cf","build":"192.6262.58","bucket":"37","time":1598942588535,"group":{"id":"settings","version":"4"},"event":{"state":true,"data":{"component":"XmlEditorOptions","created":1598942588535},"id":"invoked"}}
{"recorder_version":"21","session":"7653c44098cf","build":"192.6262.58","bucket":"37","time":1598942588572,"group":{"id":"performance","version":"21"},"event":{"count":1,"data":{"duration_ms":1038,"created":1598942588572},"id":"ui.lagging"}}
{"recorder_version":"21","session":"7653c44098cf","build":"192.6262.58","bucket":"37","time":1598942590165,"group":{"id":"kotlin.jps.target","version":"1"},"event":{"count":1,"data":{"plugin_version":"validation.undefined_rule","created":1598942590165},"id":"validation.undefined_rule"}}
{"recorder_version":"21","session":"7653c44098cf","build":"192.6262.58","bucket":"37","time":1598942590723,"group":{"id":"performance","version":"21"},"event":{"count":1,"data":{"duration_ms":186,"created":1598942590723},"id":"ui.lagging"}}
{"recorder_version":"21","session":"7653c44098cf","build":"192.6262.58","bucket":"37","time":1598942590927,"group":{"id":"project.fs","version":"1"},"event":{"state":true,"data":{"os":"Mac","cs-project":false,"created":1598942590928,"project":"2a01d4dd650215c704f580f361e9dbc7ef4d892f11a66eec055544305df8a854","cs-implicit":true,"cs-system":false},"id":"case-sensitivity"}}
{"recorder_version":"21","session":"7653c44098cf","build":"192.6262.58","bucket":"37","time":1598942590927,"group":{"id":"project.fs","version":"1"},"event":{"state":true,"data":{"created":1598942590953},"id":"invoked"}}
{"recorder_version":"21","session":"7653c44098cf","build":"192.6262.58","bucket":"37","time":1598942590929,"group":{"id":"project.fs","version":"1"},"event":{"state":true,"data":{"pct-non-watched":0,"created":1598942590953,"project":"2a01d4dd650215c704f580f361e9dbc7ef4d892f11a66eec055544305df8a854"},"id":"roots-watched"}}
{"recorder_version":"21","session":"7653c44098cf","build":"192.6262.58","bucket":"37","time":1598942590929,"group":{"id":"project.fs","version":"1"},"event":{"state":true,"data":{"created":1598942590954},"id":"invoked"}}
{"recorder_version":"21","session":"7653c44098cf","build":"192.6262.58","bucket":"37","time":1598942591097,"group":{"id":"ui.dialogs","version":"21"},"event":{"count":1,"data":{"code":1,"created":1598942591097,"plugin_type":"PLATFORM","type":"close"},"id":"com.intellij.openapi.progress.util.ProgressDialog$MyDialogWrapper"}}
{"recorder_version":"21","session":"7653c44098cf","build":"192.6262.58","bucket":"37","time":1598942591353,"group":{"id":"lifecycle","version":"21"},"event":{"count":1,"data":{"duration_ms":7584,"created":1598942591353,"project":"2a01d4dd650215c704f580f361e9dbc7ef4d892f11a66eec055544305df8a854"},"id":"project.opening.finished"}}
{"recorder_version":"21","session":"7653c44098cf","build":"192.6262.58","bucket":"37","time":1598942592143,"group":{"id":"performance","version":"21"},"event":{"count":1,"data":{"duration_ms":606,"created":1598942592143},"id":"ui.lagging"}}
{"recorder_version":"21","session":"7653c44098cf","build":"192.6262.58","bucket":"37","time":1598942592677,"group":{"id":"performance","version":"21"},"event":{"count":1,"data":{"duration_ms":139,"created":1598942592677},"id":"ui.lagging"}}
{"recorder_version":"21","session":"7653c44098cf","build":"192.6262.58","bucket":"37","time":1598942601438,"group":{"id":"toolwindow","version":"21"},"event":{"count":1,"data":{"os":"Mac","created":1598942601438,"plugin_type":"PLATFORM"},"id":"Project"}}
{"recorder_version":"21","session":"7653c44098cf","build":"192.6262.58","bucket":"37","time":1598942604286,"group":{"id":"actions","version":"21"},"event":{"count":1,"data":{"context_menu":false,"created":1598942604286,"plugin_type":"PLATFORM","project":"2a01d4dd650215c704f580f361e9dbc7ef4d892f11a66eec055544305df8a854","place":"keyboard_shortcut","class":"com.intellij.ide.actions.DeleteAction","input_event":"Backspace"},"id":"$Delete"}}
{"recorder_version":"21","session":"7653c44098cf","build":"192.6262.58","bucket":"37","time":1598942608447,"group":{"id":"performance","version":"21"},"event":{"count":1,"data":{"duration_ms":880,"created":1598942608447},"id":"ui.lagging"}}
{"recorder_version":"21","session":"7653c44098cf","build":"192.6262.58","bucket":"37","time":1598942611242,"group":{"id":"actions","version":"21"},"event":{"count":1,"data":{"context_menu":true,"created":1598942611242,"plugin_type":"NOT_LISTED","project":"2a01d4dd650215c704f580f361e9dbc7ef4d892f11a66eec055544305df8a854","place":"ProjectViewPopup","class":"third.party","input_event":"MouseLeft"},"id":"third.party"}}
{"recorder_version":"21","session":"7653c44098cf","build":"192.6262.58","bucket":"37","time":1598942611277,"group":{"id":"ui.dialogs","version":"21"},"event":{"count":1,"data":{"created":1598942611277,"plugin_type":"PLATFORM","type":"show"},"id":"com.intellij.openapi.ui.Messages$InputDialog"}}
{"recorder_version":"21","session":"7653c44098cf","build":"192.6262.58","bucket":"37","time":1598942612740,"group":{"id":"actions","version":"21"},"event":{"count":1,"data":{"created":1598942612740,"input_event":"Enter"},"id":"DialogOkAction"}}
{"recorder_version":"21","session":"7653c44098cf","build":"192.6262.58","bucket":"37","time":1598942612740,"group":{"id":"ui.dialogs","version":"21"},"event":{"count":1,"data":{"code":0,"created":1598942612741,"plugin_type":"PLATFORM","type":"close"},"id":"com.intellij.openapi.ui.Messages$InputDialog"}}
{"recorder_version":"21","session":"7653c44098cf","build":"192.6262.58","bucket":"37","time":1598942613081,"group":{"id":"lifecycle","version":"21"},"event":{"count":1,"data":{"created":1598942613081,"project":"2a01d4dd650215c704f580f361e9dbc7ef4d892f11a66eec055544305df8a854"},"id":"frame.deactivated"}}
{"recorder_version":"21","session":"7653c44098cf","build":"192.6262.58","bucket":"37","time":1598942613085,"group":{"id":"lifecycle","version":"21"},"event":{"count":1,"data":{"created":1598942613085,"project":"2a01d4dd650215c704f580f361e9dbc7ef4d892f11a66eec055544305df8a854"},"id":"frame.activated"}}
{"recorder_version":"21","session":"7653c44098cf","build":"192.6262.58","bucket":"37","time":1598942613821,"group":{"id":"performance","version":"21"},"event":{"count":1,"data":{"duration_ms":239,"created":1598942613821},"id":"ui.lagging"}}
{"recorder_version":"21","session":"7653c44098cf","build":"192.6262.58","bucket":"37","time":1598942615400,"group":{"id":"file.types.usage","version":"21"},"event":{"count":1,"data":{"plugin":"Dart","created":1598942615401,"plugin_type":"JB_NOT_BUNDLED","project":"2a01d4dd650215c704f580f361e9dbc7ef4d892f11a66eec055544305df8a854","type":"open"},"id":"Dart"}}
{"recorder_version":"21","session":"7653c44098cf","build":"192.6262.58","bucket":"37","time":1598942628408,"group":{"id":"lifecycle","version":"21"},"event":{"count":1,"data":{"created":1598942628408,"project":"2a01d4dd650215c704f580f361e9dbc7ef4d892f11a66eec055544305df8a854"},"id":"frame.deactivated"}}
