{"recorder_version":"21","session":"dcecba459d8a","build":"192.6262.58","bucket":"37","time":1598936121201,"group":{"id":"settings","version":"4"},"event":{"state":true,"data":{"component":"NotRoamableUiSettings","created":1598936121384},"id":"invoked"}}
{"recorder_version":"21","session":"dcecba459d8a","build":"192.6262.58","bucket":"37","time":1598936121203,"group":{"id":"system.java","version":"1"},"event":{"state":true,"data":{"created":1598936121386,"version":"validation.undefined_rule"},"id":"validation.undefined_rule"}}
{"recorder_version":"21","session":"dcecba459d8a","build":"192.6262.58","bucket":"37","time":1598936121203,"group":{"id":"system.java","version":"1"},"event":{"state":true,"data":{"created":1598936121393},"id":"invoked"}}
{"recorder_version":"21","session":"dcecba459d8a","build":"192.6262.58","bucket":"37","time":1598936121203,"group":{"id":"settings","version":"4"},"event":{"state":true,"data":{"component":"UISettings","created":1598936121394},"id":"invoked"}}
{"recorder_version":"21","session":"dcecba459d8a","build":"192.6262.58","bucket":"37","time":1598936121224,"group":{"id":"system.os","version":"3"},"event":{"state":true,"data":{"created":1598936121396,"version":"10.15"},"id":"Mac"}}
{"recorder_version":"21","session":"dcecba459d8a","build":"192.6262.58","bucket":"37","time":1598936121224,"group":{"id":"system.os","version":"3"},"event":{"state":true,"data":{"created":1598936121396,"name":"Mac","version":"10.15"},"id":"os.name"}}
{"recorder_version":"21","session":"dcecba459d8a","build":"192.6262.58","bucket":"37","time":1598936121224,"group":{"id":"system.os","version":"3"},"event":{"state":true,"data":{"created":1598936121397,"value":"+07_00"},"id":"os.timezone"}}
{"recorder_version":"21","session":"dcecba459d8a","build":"192.6262.58","bucket":"37","time":1598936121224,"group":{"id":"system.os","version":"3"},"event":{"state":true,"data":{"created":1598936121398},"id":"invoked"}}
{"recorder_version":"21","session":"dcecba459d8a","build":"192.6262.58","bucket":"37","time":1598936121383,"group":{"id":"event.log","version":"21"},"event":{"count":1,"data":{"created":1598936121398,"version":"1401.0"},"id":"whitelist.loaded"}}
{"recorder_version":"21","session":"dcecba459d8a","build":"192.6262.58","bucket":"37","time":1598936121876,"group":{"id":"settings","version":"4"},"event":{"state":true,"data":{"component":"UpdatesConfigurable","created":1598936121877,"name":"checkNeeded","type":"bool","value":false},"id":"not.default"}}
{"recorder_version":"21","session":"dcecba459d8a","build":"192.6262.58","bucket":"37","time":1598936121876,"group":{"id":"settings","version":"4"},"event":{"state":true,"data":{"component":"UpdatesConfigurable","created":1598936121877},"id":"invoked"}}
{"recorder_version":"21","session":"dcecba459d8a","build":"192.6262.58","bucket":"37","time":1598936122173,"group":{"id":"settings","version":"4"},"event":{"state":true,"data":{"component":"GeneralSettings","created":1598936122173,"name":"showTipsOnStartup","type":"bool","value":false},"id":"not.default"}}
{"recorder_version":"21","session":"dcecba459d8a","build":"192.6262.58","bucket":"37","time":1598936122173,"group":{"id":"settings","version":"4"},"event":{"state":true,"data":{"component":"GeneralSettings","created":1598936122174},"id":"invoked"}}
{"recorder_version":"21","session":"dcecba459d8a","build":"192.6262.58","bucket":"37","time":1598936122178,"group":{"id":"lifecycle","version":"21"},"event":{"count":1,"data":{"internal":true,"eap":false,"created":1598936122178},"id":"ide.start"}}
{"recorder_version":"21","session":"dcecba459d8a","build":"192.6262.58","bucket":"37","time":1598936122465,"group":{"id":"lifecycle","version":"21"},"event":{"count":1,"data":{"created":1598936122465},"id":"frame.activated"}}
{"recorder_version":"21","session":"dcecba459d8a","build":"192.6262.58","bucket":"37","time":1598936122633,"group":{"id":"performance","version":"21"},"event":{"count":1,"data":{"duration_ms":139,"created":1598936122633},"id":"ui.latency"}}
{"recorder_version":"21","session":"dcecba459d8a","build":"192.6262.58","bucket":"37","time":1598936122633,"group":{"id":"performance","version":"21"},"event":{"count":1,"data":{"duration_ms":139,"created":1598936122633},"id":"ui.lagging"}}
{"recorder_version":"21","session":"dcecba459d8a","build":"192.6262.58","bucket":"37","time":1598936122976,"group":{"id":"ui.dialogs","version":"21"},"event":{"count":1,"data":{"created":1598936122976,"plugin_type":"PLATFORM","type":"show"},"id":"com.intellij.openapi.progress.util.ProgressDialog$MyDialogWrapper"}}
{"recorder_version":"21","session":"dcecba459d8a","build":"192.6262.58","bucket":"37","time":1598936124373,"group":{"id":"lifecycle","version":"21"},"event":{"count":1,"data":{"created":1598936124373,"project":"2a01d4dd650215c704f580f361e9dbc7ef4d892f11a66eec055544305df8a854"},"id":"project.opened"}}
{"recorder_version":"21","session":"dcecba459d8a","build":"192.6262.58","bucket":"37","time":1598936125607,"group":{"id":"performance","version":"21"},"event":{"count":1,"data":{"duration_ms":1109,"created":1598936125607},"id":"ui.lagging"}}
{"recorder_version":"21","session":"dcecba459d8a","build":"192.6262.58","bucket":"37","time":1598936125638,"group":{"id":"performance","version":"21"},"event":{"count":1,"data":{"duration_ms":138,"created":1598936125639},"id":"ui.lagging"}}
{"recorder_version":"21","session":"dcecba459d8a","build":"192.6262.58","bucket":"37","time":1598936126755,"group":{"id":"settings","version":"4"},"event":{"state":true,"data":{"component":"XmlEditorOptions","created":1598936126755},"id":"invoked"}}
{"recorder_version":"21","session":"dcecba459d8a","build":"192.6262.58","bucket":"37","time":1598936126841,"group":{"id":"performance","version":"21"},"event":{"count":1,"data":{"duration_ms":339,"created":1598936126841},"id":"ui.lagging"}}
{"recorder_version":"21","session":"dcecba459d8a","build":"192.6262.58","bucket":"37","time":1598936127737,"group":{"id":"performance","version":"21"},"event":{"count":1,"data":{"duration_ms":231,"created":1598936127737},"id":"ui.lagging"}}
{"recorder_version":"21","session":"dcecba459d8a","build":"192.6262.58","bucket":"37","time":1598936129016,"group":{"id":"kotlin.jps.target","version":"1"},"event":{"count":1,"data":{"plugin_version":"validation.undefined_rule","created":1598936129016},"id":"validation.undefined_rule"}}
{"recorder_version":"21","session":"dcecba459d8a","build":"192.6262.58","bucket":"37","time":1598936129650,"group":{"id":"performance","version":"21"},"event":{"count":1,"data":{"duration_ms":141,"created":1598936129651},"id":"ui.lagging"}}
{"recorder_version":"21","session":"dcecba459d8a","build":"192.6262.58","bucket":"37","time":1598936129820,"group":{"id":"project.fs","version":"1"},"event":{"state":true,"data":{"os":"Mac","cs-project":false,"created":1598936129820,"project":"2a01d4dd650215c704f580f361e9dbc7ef4d892f11a66eec055544305df8a854","cs-implicit":true,"cs-system":false},"id":"case-sensitivity"}}
{"recorder_version":"21","session":"dcecba459d8a","build":"192.6262.58","bucket":"37","time":1598936129820,"group":{"id":"project.fs","version":"1"},"event":{"state":true,"data":{"created":1598936129821},"id":"invoked"}}
{"recorder_version":"21","session":"dcecba459d8a","build":"192.6262.58","bucket":"37","time":1598936129820,"group":{"id":"project.fs","version":"1"},"event":{"state":true,"data":{"pct-non-watched":0,"created":1598936129821,"project":"2a01d4dd650215c704f580f361e9dbc7ef4d892f11a66eec055544305df8a854"},"id":"roots-watched"}}
{"recorder_version":"21","session":"dcecba459d8a","build":"192.6262.58","bucket":"37","time":1598936129820,"group":{"id":"project.fs","version":"1"},"event":{"state":true,"data":{"created":1598936129821},"id":"invoked"}}
{"recorder_version":"21","session":"dcecba459d8a","build":"192.6262.58","bucket":"37","time":1598936130014,"group":{"id":"ui.dialogs","version":"21"},"event":{"count":1,"data":{"code":1,"created":1598936130015,"plugin_type":"PLATFORM","type":"close"},"id":"com.intellij.openapi.progress.util.ProgressDialog$MyDialogWrapper"}}
{"recorder_version":"21","session":"dcecba459d8a","build":"192.6262.58","bucket":"37","time":1598936130222,"group":{"id":"lifecycle","version":"21"},"event":{"count":1,"data":{"duration_ms":7436,"created":1598936130222,"project":"2a01d4dd650215c704f580f361e9dbc7ef4d892f11a66eec055544305df8a854"},"id":"project.opening.finished"}}
{"recorder_version":"21","session":"dcecba459d8a","build":"192.6262.58","bucket":"37","time":1598936131110,"group":{"id":"performance","version":"21"},"event":{"count":1,"data":{"duration_ms":600,"created":1598936131110},"id":"ui.lagging"}}
{"recorder_version":"21","session":"dcecba459d8a","build":"192.6262.58","bucket":"37","time":1598936146476,"group":{"id":"toolwindow","version":"21"},"event":{"count":1,"data":{"os":"Mac","created":1598936146476,"plugin_type":"PLATFORM"},"id":"Project"}}
{"recorder_version":"21","session":"dcecba459d8a","build":"192.6262.58","bucket":"37","time":1598936149544,"group":{"id":"actions","version":"21"},"event":{"count":1,"data":{"context_menu":false,"created":1598936149544,"plugin_type":"PLATFORM","project":"2a01d4dd650215c704f580f361e9dbc7ef4d892f11a66eec055544305df8a854","place":"keyboard_shortcut","class":"com.intellij.ide.actions.DeleteAction","input_event":"Backspace"},"id":"$Delete"}}
{"recorder_version":"21","session":"dcecba459d8a","build":"192.6262.58","bucket":"37","time":1598936149690,"group":{"id":"performance","version":"21"},"event":{"count":1,"data":{"duration_ms":152,"created":1598936149690},"id":"ui.lagging"}}
{"recorder_version":"21","session":"dcecba459d8a","build":"192.6262.58","bucket":"37","time":1598936151633,"group":{"id":"lifecycle","version":"21"},"event":{"count":1,"data":{"created":1598936151633,"project":"2a01d4dd650215c704f580f361e9dbc7ef4d892f11a66eec055544305df8a854"},"id":"frame.deactivated"}}
{"recorder_version":"21","session":"dcecba459d8a","build":"192.6262.58","bucket":"37","time":1598936151706,"group":{"id":"lifecycle","version":"21"},"event":{"count":1,"data":{"created":1598936151706,"project":"2a01d4dd650215c704f580f361e9dbc7ef4d892f11a66eec055544305df8a854"},"id":"frame.activated"}}
{"recorder_version":"21","session":"dcecba459d8a","build":"192.6262.58","bucket":"37","time":1598936153293,"group":{"id":"performance","version":"21"},"event":{"count":1,"data":{"duration_ms":753,"created":1598936153293},"id":"ui.lagging"}}
{"recorder_version":"21","session":"dcecba459d8a","build":"192.6262.58","bucket":"37","time":1598936156907,"group":{"id":"actions","version":"21"},"event":{"count":1,"data":{"context_menu":true,"created":1598936156907,"plugin_type":"NOT_LISTED","project":"2a01d4dd650215c704f580f361e9dbc7ef4d892f11a66eec055544305df8a854","place":"ProjectViewPopup","class":"third.party","input_event":"MouseLeft"},"id":"third.party"}}
{"recorder_version":"21","session":"dcecba459d8a","build":"192.6262.58","bucket":"37","time":1598936156940,"group":{"id":"ui.dialogs","version":"21"},"event":{"count":1,"data":{"created":1598936156940,"plugin_type":"PLATFORM","type":"show"},"id":"com.intellij.openapi.ui.Messages$InputDialog"}}
{"recorder_version":"21","session":"dcecba459d8a","build":"192.6262.58","bucket":"37","time":1598936158925,"group":{"id":"actions","version":"21"},"event":{"count":1,"data":{"created":1598936158925,"input_event":"Enter"},"id":"DialogOkAction"}}
{"recorder_version":"21","session":"dcecba459d8a","build":"192.6262.58","bucket":"37","time":1598936158925,"group":{"id":"ui.dialogs","version":"21"},"event":{"count":1,"data":{"code":0,"created":1598936158926,"plugin_type":"PLATFORM","type":"close"},"id":"com.intellij.openapi.ui.Messages$InputDialog"}}
{"recorder_version":"21","session":"dcecba459d8a","build":"192.6262.58","bucket":"37","time":1598936159213,"group":{"id":"lifecycle","version":"21"},"event":{"count":1,"data":{"created":1598936159213,"project":"2a01d4dd650215c704f580f361e9dbc7ef4d892f11a66eec055544305df8a854"},"id":"frame.deactivated"}}
{"recorder_version":"21","session":"dcecba459d8a","build":"192.6262.58","bucket":"37","time":1598936159215,"group":{"id":"lifecycle","version":"21"},"event":{"count":1,"data":{"created":1598936159215,"project":"2a01d4dd650215c704f580f361e9dbc7ef4d892f11a66eec055544305df8a854"},"id":"frame.activated"}}
{"recorder_version":"21","session":"dcecba459d8a","build":"192.6262.58","bucket":"37","time":1598936161792,"group":{"id":"file.types.usage","version":"21"},"event":{"count":2,"data":{"plugin":"Dart","last":1598936170162,"created":1598936161792,"plugin_type":"JB_NOT_BUNDLED","project":"2a01d4dd650215c704f580f361e9dbc7ef4d892f11a66eec055544305df8a854","type":"open"},"id":"Dart"}}
{"recorder_version":"21","session":"dcecba459d8a","build":"192.6262.58","bucket":"37","time":1598936177882,"group":{"id":"actions","version":"21"},"event":{"count":1,"data":{"context_menu":false,"current_file":"Dart","created":1598936177882,"plugin_type":"PLATFORM","project":"2a01d4dd650215c704f580f361e9dbc7ef4d892f11a66eec055544305df8a854","place":"mouse_shortcut","class":"com.intellij.codeInsight.navigation.actions.GotoDeclarationAction","input_event":"Meta+MouseLeft"},"id":"GotoDeclaration"}}
{"recorder_version":"21","session":"dcecba459d8a","build":"192.6262.58","bucket":"37","time":1598936177886,"group":{"id":"productivity","version":"21"},"event":{"count":1,"data":{"created":1598936177886,"plugin_type":"PLATFORM"},"id":"navigation.goto.declaration"}}
{"recorder_version":"21","session":"dcecba459d8a","build":"192.6262.58","bucket":"37","time":1598936186265,"group":{"id":"lifecycle","version":"21"},"event":{"count":1,"data":{"created":1598936186265,"project":"2a01d4dd650215c704f580f361e9dbc7ef4d892f11a66eec055544305df8a854"},"id":"frame.deactivated"}}
{"recorder_version":"21","session":"dcecba459d8a","build":"192.6262.58","bucket":"37","time":1598936222687,"group":{"id":"performance","version":"21"},"event":{"count":1,"data":{"duration_ms":0,"created":1598936222687},"id":"ui.latency"}}
{"recorder_version":"21","session":"dcecba459d8a","build":"192.6262.58","bucket":"37","time":1598941483580,"group":{"id":"performance","version":"21"},"event":{"count":1,"data":{"duration_ms":4,"created":1598941483582},"id":"ui.latency"}}
{"recorder_version":"21","session":"dcecba459d8a","build":"192.6262.58","bucket":"37","time":1598941583919,"group":{"id":"performance","version":"21"},"event":{"count":1,"data":{"duration_ms":0,"created":1598941583923},"id":"ui.latency"}}
{"recorder_version":"21","session":"dcecba459d8a","build":"192.6262.58","bucket":"37","time":1598941662012,"group":{"id":"file.types.usage","version":"21"},"event":{"count":1,"data":{"created":1598941662012},"id":"registered"}}
{"recorder_version":"21","session":"dcecba459d8a","build":"192.6262.58","bucket":"37","time":1598941662012,"group":{"id":"ide.script.engine","version":"1"},"event":{"count":1,"data":{"created":1598941662013},"id":"registered"}}
{"recorder_version":"21","session":"dcecba459d8a","build":"192.6262.58","bucket":"37","time":1598941662012,"group":{"id":"spring.boot.mvc.usages","version":"2"},"event":{"count":1,"data":{"created":1598941662013},"id":"registered"}}
{"recorder_version":"21","session":"dcecba459d8a","build":"192.6262.58","bucket":"37","time":1598941662012,"group":{"id":"live.templates","version":"21"},"event":{"count":1,"data":{"created":1598941662013},"id":"registered"}}
{"recorder_version":"21","session":"dcecba459d8a","build":"192.6262.58","bucket":"37","time":1598941662012,"group":{"id":"ide.self.update","version":"2"},"event":{"count":1,"data":{"created":1598941662013},"id":"registered"}}
{"recorder_version":"21","session":"dcecba459d8a","build":"192.6262.58","bucket":"37","time":1598941662012,"group":{"id":"lifecycle","version":"21"},"event":{"count":1,"data":{"created":1598941662013},"id":"registered"}}
{"recorder_version":"21","session":"dcecba459d8a","build":"192.6262.58","bucket":"37","time":1598941662012,"group":{"id":"vcs.diff.trigger","version":"1"},"event":{"count":1,"data":{"created":1598941662014},"id":"registered"}}
{"recorder_version":"21","session":"dcecba459d8a","build":"192.6262.58","bucket":"37","time":1598941662012,"group":{"id":"debugger.breakpoints.usage","version":"2"},"event":{"count":1,"data":{"created":1598941662014},"id":"registered"}}
{"recorder_version":"21","session":"dcecba459d8a","build":"192.6262.58","bucket":"37","time":1598941662012,"group":{"id":"js.language.service.starts","version":"1"},"event":{"count":1,"data":{"created":1598941662014},"id":"registered"}}
{"recorder_version":"21","session":"dcecba459d8a","build":"192.6262.58","bucket":"37","time":1598941662012,"group":{"id":"kotlin.gradle.library","version":"1"},"event":{"count":1,"data":{"created":1598941662014},"id":"registered"}}
{"recorder_version":"21","session":"dcecba459d8a","build":"192.6262.58","bucket":"37","time":1598941662012,"group":{"id":"find","version":"1"},"event":{"count":1,"data":{"created":1598941662015},"id":"registered"}}
{"recorder_version":"21","session":"dcecba459d8a","build":"192.6262.58","bucket":"37","time":1598941662012,"group":{"id":"kotlin.gradle.target","version":"1"},"event":{"count":1,"data":{"created":1598941662015},"id":"registered"}}
{"recorder_version":"21","session":"dcecba459d8a","build":"192.6262.58","bucket":"37","time":1598941662012,"group":{"id":"gutter.icon.click","version":"1"},"event":{"count":1,"data":{"created":1598941662015},"id":"registered"}}
{"recorder_version":"21","session":"dcecba459d8a","build":"192.6262.58","bucket":"37","time":1598941662012,"group":{"id":"shell.script","version":"1"},"event":{"count":1,"data":{"created":1598941662015},"id":"registered"}}
{"recorder_version":"21","session":"dcecba459d8a","build":"192.6262.58","bucket":"37","time":1598941662012,"group":{"id":"kotlin.ide.debugger.eval","version":"1"},"event":{"count":1,"data":{"created":1598941662015},"id":"registered"}}
{"recorder_version":"21","session":"dcecba459d8a","build":"192.6262.58","bucket":"37","time":1598941662012,"group":{"id":"new.project.wizard","version":"1"},"event":{"count":1,"data":{"created":1598941662015},"id":"registered"}}
{"recorder_version":"21","session":"dcecba459d8a","build":"192.6262.58","bucket":"37","time":1598941662012,"group":{"id":"kotlin.ide.npwizards","version":"1"},"event":{"count":1,"data":{"created":1598941662015},"id":"registered"}}
{"recorder_version":"21","session":"dcecba459d8a","build":"192.6262.58","bucket":"37","time":1598941662012,"group":{"id":"intentions","version":"21"},"event":{"count":1,"data":{"created":1598941662016},"id":"registered"}}
{"recorder_version":"21","session":"dcecba459d8a","build":"192.6262.58","bucket":"37","time":1598941662012,"group":{"id":"vcs.change.reminder","version":"1"},"event":{"count":1,"data":{"created":1598941662016},"id":"registered"}}
{"recorder_version":"21","session":"dcecba459d8a","build":"192.6262.58","bucket":"37","time":1598941662012,"group":{"id":"kotlin.maven.target","version":"1"},"event":{"count":1,"data":{"created":1598941662017},"id":"registered"}}
{"recorder_version":"21","session":"dcecba459d8a","build":"192.6262.58","bucket":"37","time":1598941662012,"group":{"id":"json.schema","version":"1"},"event":{"count":1,"data":{"created":1598941662017},"id":"registered"}}
{"recorder_version":"21","session":"dcecba459d8a","build":"192.6262.58","bucket":"37","time":1598941662012,"group":{"id":"terminalShell","version":"1"},"event":{"count":1,"data":{"created":1598941662017},"id":"registered"}}
{"recorder_version":"21","session":"dcecba459d8a","build":"192.6262.58","bucket":"37","time":1598941662012,"group":{"id":"build.ant.actions","version":"1"},"event":{"count":1,"data":{"created":1598941662017},"id":"registered"}}
{"recorder_version":"21","session":"dcecba459d8a","build":"192.6262.58","bucket":"37","time":1598941662012,"group":{"id":"actions","version":"21"},"event":{"count":1,"data":{"created":1598941662017},"id":"registered"}}
{"recorder_version":"21","session":"dcecba459d8a","build":"192.6262.58","bucket":"37","time":1598941662012,"group":{"id":"event.log","version":"21"},"event":{"count":1,"data":{"created":1598941662017},"id":"registered"}}
{"recorder_version":"21","session":"dcecba459d8a","build":"192.6262.58","bucket":"37","time":1598941662012,"group":{"id":"run.configuration.exec","version":"21"},"event":{"count":1,"data":{"created":1598941662017},"id":"registered"}}
{"recorder_version":"21","session":"dcecba459d8a","build":"192.6262.58","bucket":"37","time":1598941662012,"group":{"id":"build.tools.actions","version":"1"},"event":{"count":1,"data":{"created":1598941662017},"id":"registered"}}
{"recorder_version":"21","session":"dcecba459d8a","build":"192.6262.58","bucket":"37","time":1598941662012,"group":{"id":"actions.runAnything","version":"1"},"event":{"count":1,"data":{"created":1598941662017},"id":"registered"}}
{"recorder_version":"21","session":"dcecba459d8a","build":"192.6262.58","bucket":"37","time":1598941662012,"group":{"id":"http.client.conversions","version":"1"},"event":{"count":1,"data":{"created":1598941662018},"id":"registered"}}
{"recorder_version":"21","session":"dcecba459d8a","build":"192.6262.58","bucket":"37","time":1598941662012,"group":{"id":"toolwindow","version":"21"},"event":{"count":1,"data":{"created":1598941662018},"id":"registered"}}
{"recorder_version":"21","session":"dcecba459d8a","build":"192.6262.58","bucket":"37","time":1598941662012,"group":{"id":"kotlin.ide.newFileTempl","version":"1"},"event":{"count":1,"data":{"created":1598941662018},"id":"registered"}}
{"recorder_version":"21","session":"dcecba459d8a","build":"192.6262.58","bucket":"37","time":1598941662012,"group":{"id":"ui.settings","version":"21"},"event":{"count":1,"data":{"created":1598941662018},"id":"registered"}}
{"recorder_version":"21","session":"dcecba459d8a","build":"192.6262.58","bucket":"37","time":1598941662012,"group":{"id":"vcs.log.trigger","version":"2"},"event":{"count":1,"data":{"created":1598941662018},"id":"registered"}}
{"recorder_version":"21","session":"dcecba459d8a","build":"192.6262.58","bucket":"37","time":1598941662012,"group":{"id":"spring.boot.run.usages","version":"2"},"event":{"count":1,"data":{"created":1598941662018},"id":"registered"}}
{"recorder_version":"21","session":"dcecba459d8a","build":"192.6262.58","bucket":"37","time":1598941662012,"group":{"id":"productivity","version":"21"},"event":{"count":1,"data":{"created":1598941662018},"id":"registered"}}
{"recorder_version":"21","session":"dcecba459d8a","build":"192.6262.58","bucket":"37","time":1598941662012,"group":{"id":"nodejs.run.configuration","version":"2"},"event":{"count":1,"data":{"created":1598941662018},"id":"registered"}}
{"recorder_version":"21","session":"dcecba459d8a","build":"192.6262.58","bucket":"37","time":1598941662012,"group":{"id":"profiler.usage","version":"1"},"event":{"count":1,"data":{"created":1598941662018},"id":"registered"}}
{"recorder_version":"21","session":"dcecba459d8a","build":"192.6262.58","bucket":"37","time":1598941662012,"group":{"id":"build.maven.actions","version":"1"},"event":{"count":1,"data":{"created":1598941662018},"id":"registered"}}
{"recorder_version":"21","session":"dcecba459d8a","build":"192.6262.58","bucket":"37","time":1598941662012,"group":{"id":"ui.event","version":"1"},"event":{"count":1,"data":{"created":1598941662018},"id":"registered"}}
{"recorder_version":"21","session":"dcecba459d8a","build":"192.6262.58","bucket":"37","time":1598941662012,"group":{"id":"deployment.serverSettingsUI","version":"3"},"event":{"count":1,"data":{"created":1598941662018},"id":"registered"}}
{"recorder_version":"21","session":"dcecba459d8a","build":"192.6262.58","bucket":"37","time":1598941662012,"group":{"id":"ui.dialogs","version":"21"},"event":{"count":1,"data":{"created":1598941662018},"id":"registered"}}
{"recorder_version":"21","session":"dcecba459d8a","build":"192.6262.58","bucket":"37","time":1598941662012,"group":{"id":"vcs.back.forward.trigger","version":"1"},"event":{"count":1,"data":{"created":1598941662018},"id":"registered"}}
{"recorder_version":"21","session":"dcecba459d8a","build":"192.6262.58","bucket":"37","time":1598941662012,"group":{"id":"toolbar","version":"21"},"event":{"count":1,"data":{"created":1598941662018},"id":"registered"}}
{"recorder_version":"21","session":"dcecba459d8a","build":"192.6262.58","bucket":"37","time":1598941662012,"group":{"id":"build.gradle.actions","version":"1"},"event":{"count":1,"data":{"created":1598941662019},"id":"registered"}}
{"recorder_version":"21","session":"dcecba459d8a","build":"192.6262.58","bucket":"37","time":1598941662012,"group":{"id":"performance","version":"21"},"event":{"count":1,"data":{"created":1598941662019},"id":"registered"}}
{"recorder_version":"21","session":"dcecba459d8a","build":"192.6262.58","bucket":"37","time":1598941662012,"group":{"id":"diagram.usages.trigger","version":"2"},"event":{"count":1,"data":{"created":1598941662019},"id":"registered"}}
{"recorder_version":"21","session":"dcecba459d8a","build":"192.6262.58","bucket":"37","time":1598941662012,"group":{"id":"searchEverywhere","version":"1"},"event":{"count":1,"data":{"created":1598941662019},"id":"registered"}}
{"recorder_version":"21","session":"dcecba459d8a","build":"192.6262.58","bucket":"37","time":1598941662012,"group":{"id":"kotlin.ide.action.refactoring","version":"1"},"event":{"count":1,"data":{"created":1598941662019},"id":"registered"}}
{"recorder_version":"21","session":"dcecba459d8a","build":"192.6262.58","bucket":"37","time":1598941662012,"group":{"id":"ui.tips","version":"2"},"event":{"count":1,"data":{"created":1598941662019},"id":"registered"}}
{"recorder_version":"21","session":"dcecba459d8a","build":"192.6262.58","bucket":"37","time":1598941662012,"group":{"id":"surround.with","version":"1"},"event":{"count":1,"data":{"created":1598941662019},"id":"registered"}}
{"recorder_version":"21","session":"dcecba459d8a","build":"192.6262.58","bucket":"37","time":1598941662012,"group":{"id":"import.old.config","version":"1"},"event":{"count":1,"data":{"created":1598941662019},"id":"registered"}}
{"recorder_version":"21","session":"dcecba459d8a","build":"192.6262.58","bucket":"37","time":1598941662012,"group":{"id":"kotlin.jps.target","version":"1"},"event":{"count":1,"data":{"created":1598941662020},"id":"registered"}}
{"recorder_version":"21","session":"dcecba459d8a","build":"192.6262.58","bucket":"37","time":1598941662012,"group":{"id":"completion.postfix","version":"21"},"event":{"count":1,"data":{"created":1598941662020},"id":"registered"}}
{"recorder_version":"21","session":"dcecba459d8a","build":"192.6262.58","bucket":"37","time":1598941662012,"group":{"id":"build.maven.packagesearch","version":"2"},"event":{"count":1,"data":{"created":1598941662020},"id":"registered"}}
{"recorder_version":"21","session":"dcecba459d8a","build":"192.6262.58","bucket":"37","time":1598941684179,"group":{"id":"performance","version":"21"},"event":{"count":1,"data":{"duration_ms":0,"created":1598941684179},"id":"ui.latency"}}
{"recorder_version":"21","session":"dcecba459d8a","build":"192.6262.58","bucket":"37","time":1598941784444,"group":{"id":"performance","version":"21"},"event":{"count":1,"data":{"duration_ms":0,"created":1598941784444},"id":"ui.latency"}}
{"recorder_version":"21","session":"dcecba459d8a","build":"192.6262.58","bucket":"37","time":1598941884701,"group":{"id":"performance","version":"21"},"event":{"count":1,"data":{"duration_ms":0,"created":1598941884701},"id":"ui.latency"}}
{"recorder_version":"21","session":"dcecba459d8a","build":"192.6262.58","bucket":"37","time":1598941984968,"group":{"id":"performance","version":"21"},"event":{"count":1,"data":{"duration_ms":0,"created":1598941984968},"id":"ui.latency"}}
{"recorder_version":"21","session":"dcecba459d8a","build":"192.6262.58","bucket":"37","time":1598942085231,"group":{"id":"performance","version":"21"},"event":{"count":1,"data":{"duration_ms":0,"created":1598942085231},"id":"ui.latency"}}
{"recorder_version":"21","session":"dcecba459d8a","build":"192.6262.58","bucket":"37","time":1598942185492,"group":{"id":"performance","version":"21"},"event":{"count":1,"data":{"duration_ms":0,"created":1598942185492},"id":"ui.latency"}}
{"recorder_version":"21","session":"dcecba459d8a","build":"192.6262.58","bucket":"37","time":1598942262066,"group":{"id":"platform.registry.application","version":"1"},"event":{"state":true,"data":{"created":1598942262067,"plugin_type":"PLATFORM"},"id":"recent.and.edited.files.together"}}
{"recorder_version":"21","session":"dcecba459d8a","build":"192.6262.58","bucket":"37","time":1598942262066,"group":{"id":"platform.registry.application","version":"1"},"event":{"state":true,"data":{"created":1598942262067,"plugin_type":"PLATFORM"},"id":"inline.browse.button"}}
{"recorder_version":"21","session":"dcecba459d8a","build":"192.6262.58","bucket":"37","time":1598942262066,"group":{"id":"platform.registry.application","version":"1"},"event":{"state":true,"data":{"created":1598942262068,"plugin_type":"PLATFORM"},"id":"show.create.new.element.in.popup"}}
{"recorder_version":"21","session":"dcecba459d8a","build":"192.6262.58","bucket":"37","time":1598942262066,"group":{"id":"platform.registry.application","version":"1"},"event":{"state":true,"data":{"created":1598942262068,"plugin_type":"PLATFORM"},"id":"property.value.inplace.editing"}}
{"recorder_version":"21","session":"dcecba459d8a","build":"192.6262.58","bucket":"37","time":1598942262066,"group":{"id":"platform.registry.application","version":"1"},"event":{"state":true,"data":{"created":1598942262068},"id":"java.completion.argument.hints.internal"}}
{"recorder_version":"21","session":"dcecba459d8a","build":"192.6262.58","bucket":"37","time":1598942262066,"group":{"id":"platform.registry.application","version":"1"},"event":{"state":true,"data":{"created":1598942262068,"plugin_type":"PLATFORM"},"id":"linux.native.menu"}}
{"recorder_version":"21","session":"dcecba459d8a","build":"192.6262.58","bucket":"37","time":1598942262066,"group":{"id":"platform.registry.application","version":"1"},"event":{"state":true,"data":{"created":1598942262069,"plugin_type":"PLATFORM"},"id":"new.large.text.file.viewer"}}
{"recorder_version":"21","session":"dcecba459d8a","build":"192.6262.58","bucket":"37","time":1598942262066,"group":{"id":"platform.registry.application","version":"1"},"event":{"state":true,"data":{"created":1598942262069},"id":"invoked"}}
{"recorder_version":"21","session":"dcecba459d8a","build":"192.6262.58","bucket":"37","time":1598942262071,"group":{"id":"db.datasource.config","version":"2"},"event":{"state":true,"data":{"created":1598942262071},"id":"invoked"}}
{"recorder_version":"21","session":"dcecba459d8a","build":"192.6262.58","bucket":"37","time":1598942262072,"group":{"id":"ui.accessibility.screen.reader","version":"1"},"event":{"state":true,"data":{"os":"Mac","created":1598942262073},"id":"screen.reader.DISABLED"}}
{"recorder_version":"21","session":"dcecba459d8a","build":"192.6262.58","bucket":"37","time":1598942262072,"group":{"id":"ui.accessibility.screen.reader","version":"1"},"event":{"state":true,"data":{"created":1598942262073},"id":"invoked"}}
{"recorder_version":"21","session":"dcecba459d8a","build":"192.6262.58","bucket":"37","time":1598942262123,"group":{"id":"vcs.diff","version":"2"},"event":{"state":true,"data":{"created":1598942262123},"id":"invoked"}}
{"recorder_version":"21","session":"dcecba459d8a","build":"192.6262.58","bucket":"37","time":1598942262123,"group":{"id":"ui.hidpi.mode","version":"1"},"event":{"state":true,"data":{"os":"Mac","created":1598942262123},"id":"per_monitor_dpi"}}
{"recorder_version":"21","session":"dcecba459d8a","build":"192.6262.58","bucket":"37","time":1598942262123,"group":{"id":"ui.hidpi.mode","version":"1"},"event":{"state":true,"data":{"created":1598942262124},"id":"invoked"}}
{"recorder_version":"21","session":"dcecba459d8a","build":"192.6262.58","bucket":"37","time":1598942262363,"group":{"id":"plugins","version":"1"},"event":{"state":true,"data":{"created":1598942262363,"plugin_type":"NOT_LISTED"},"id":"enabled.not.bundled.plugin"}}
{"recorder_version":"21","session":"dcecba459d8a","build":"192.6262.58","bucket":"37","time":1598942262363,"group":{"id":"plugins","version":"1"},"event":{"state":true,"data":{"plugin":"io.flutter","created":1598942262364,"plugin_type":"LISTED"},"id":"enabled.not.bundled.plugin"}}
{"recorder_version":"21","session":"dcecba459d8a","build":"192.6262.58","bucket":"37","time":1598942262363,"group":{"id":"plugins","version":"1"},"event":{"state":true,"data":{"plugin":"Dart","created":1598942262364,"plugin_type":"JB_NOT_BUNDLED"},"id":"enabled.not.bundled.plugin"}}
{"recorder_version":"21","session":"dcecba459d8a","build":"192.6262.58","bucket":"37","time":1598942262363,"group":{"id":"plugins","version":"1"},"event":{"state":true,"data":{"created":1598942262364},"id":"invoked"}}
{"recorder_version":"21","session":"dcecba459d8a","build":"192.6262.58","bucket":"37","time":1598942262366,"group":{"id":"js.settings","version":"2"},"event":{"state":true,"data":{"created":1598942262366,"value":false},"id":"completion.only.type.based"}}
{"recorder_version":"21","session":"dcecba459d8a","build":"192.6262.58","bucket":"37","time":1598942262366,"group":{"id":"js.settings","version":"2"},"event":{"state":true,"data":{"created":1598942262366},"id":"invoked"}}
{"recorder_version":"21","session":"dcecba459d8a","build":"192.6262.58","bucket":"37","time":1598942262366,"group":{"id":"vcs.application.configuration","version":"1"},"event":{"state":true,"data":{"created":1598942262366},"id":"invoked"}}
{"recorder_version":"21","session":"dcecba459d8a","build":"192.6262.58","bucket":"37","time":1598942262371,"group":{"id":"system.runtime","version":"2"},"event":{"state":true,"data":{"created":1598942262371,"name":"G1_Old_Generation"},"id":"garbage.collector"}}
{"recorder_version":"21","session":"dcecba459d8a","build":"192.6262.58","bucket":"37","time":1598942262371,"group":{"id":"system.runtime","version":"2"},"event":{"state":true,"data":{"created":1598942262372,"name":"Xmx","value":512},"id":"jvm.option"}}
{"recorder_version":"21","session":"dcecba459d8a","build":"192.6262.58","bucket":"37","time":1598942262371,"group":{"id":"system.runtime","version":"2"},"event":{"state":true,"data":{"vendor":"JetBrains","created":1598942262372,"bit":"64","version":"1.11"},"id":"jvm"}}
{"recorder_version":"21","session":"dcecba459d8a","build":"192.6262.58","bucket":"37","time":1598942262371,"group":{"id":"system.runtime","version":"2"},"event":{"state":true,"data":{"created":1598942262372,"name":"G1_Young_Generation"},"id":"garbage.collector"}}
{"recorder_version":"21","session":"dcecba459d8a","build":"192.6262.58","bucket":"37","time":1598942262371,"group":{"id":"system.runtime","version":"2"},"event":{"state":true,"data":{"created":1598942262372,"value":8},"id":"cores"}}
{"recorder_version":"21","session":"dcecba459d8a","build":"192.6262.58","bucket":"37","time":1598942262371,"group":{"id":"system.runtime","version":"2"},"event":{"state":true,"data":{"created":1598942262372,"name":"Xms","value":256},"id":"jvm.option"}}
{"recorder_version":"21","session":"dcecba459d8a","build":"192.6262.58","bucket":"37","time":1598942262371,"group":{"id":"system.runtime","version":"2"},"event":{"state":true,"data":{"created":1598942262372},"id":"invoked"}}
{"recorder_version":"21","session":"dcecba459d8a","build":"192.6262.58","bucket":"37","time":1598942262372,"group":{"id":"ui.editor.color.schemes","version":"2"},"event":{"state":true,"data":{"os":"Mac","created":1598942262372,"value":false},"id":"Default"}}
{"recorder_version":"21","session":"dcecba459d8a","build":"192.6262.58","bucket":"37","time":1598942262372,"group":{"id":"ui.editor.color.schemes","version":"2"},"event":{"state":true,"data":{"created":1598942262373},"id":"invoked"}}
{"recorder_version":"21","session":"dcecba459d8a","build":"192.6262.58","bucket":"37","time":1598942262400,"group":{"id":"vcs.github","version":"1"},"event":{"state":true,"data":{"created":1598942262400},"id":"github.accounts.not.default.host.disabled"}}
{"recorder_version":"21","session":"dcecba459d8a","build":"192.6262.58","bucket":"37","time":1598942262400,"group":{"id":"vcs.github","version":"1"},"event":{"state":true,"data":{"created":1598942262400},"id":"github.accounts.count.0"}}
{"recorder_version":"21","session":"dcecba459d8a","build":"192.6262.58","bucket":"37","time":1598942262400,"group":{"id":"vcs.github","version":"1"},"event":{"state":true,"data":{"created":1598942262400},"id":"invoked"}}
{"recorder_version":"21","session":"dcecba459d8a","build":"192.6262.58","bucket":"37","time":1598942262400,"group":{"id":"os.linux.wm","version":"1"},"event":{"state":true,"data":{"created":1598942262400},"id":"invoked"}}
{"recorder_version":"21","session":"dcecba459d8a","build":"192.6262.58","bucket":"37","time":1598942262401,"group":{"id":"vcs.log.index.application","version":"2"},"event":{"state":true,"data":{"created":1598942262401},"id":"invoked"}}
{"recorder_version":"21","session":"dcecba459d8a","build":"192.6262.58","bucket":"37","time":1598942262419,"group":{"id":"editor.settings.ide","version":"2"},"event":{"state":true,"data":{"created":1598942262419,"enabled":true},"id":"completionHints"}}
{"recorder_version":"21","session":"dcecba459d8a","build":"192.6262.58","bucket":"37","time":1598942262419,"group":{"id":"editor.settings.ide","version":"2"},"event":{"state":true,"data":{"created":1598942262419,"enabled":true},"id":"softWraps.console"}}
{"recorder_version":"21","session":"dcecba459d8a","build":"192.6262.58","bucket":"37","time":1598942262419,"group":{"id":"editor.settings.ide","version":"2"},"event":{"state":true,"data":{"created":1598942262419},"id":"invoked"}}
{"recorder_version":"21","session":"dcecba459d8a","build":"192.6262.58","bucket":"37","time":1598942262420,"group":{"id":"keymaps.name","version":"1"},"event":{"state":true,"data":{"os":"Mac","created":1598942262420},"id":"Mac_OS_X_10.5+"}}
{"recorder_version":"21","session":"dcecba459d8a","build":"192.6262.58","bucket":"37","time":1598942262420,"group":{"id":"keymaps.name","version":"1"},"event":{"state":true,"data":{"created":1598942262420},"id":"invoked"}}
{"recorder_version":"21","session":"dcecba459d8a","build":"192.6262.58","bucket":"37","time":1598942262426,"group":{"id":"ui.screen.scale","version":"1"},"event":{"state":true,"data":{"os":"Mac","created":1598942262427},"id":"ScaledMode_2.0"}}
{"recorder_version":"21","session":"dcecba459d8a","build":"192.6262.58","bucket":"37","time":1598942262426,"group":{"id":"ui.screen.scale","version":"1"},"event":{"state":true,"data":{"created":1598942262427},"id":"invoked"}}
{"recorder_version":"21","session":"dcecba459d8a","build":"192.6262.58","bucket":"37","time":1598942262428,"group":{"id":"remote.sdk.type","version":"1"},"event":{"state":true,"data":{"created":1598942262428},"id":"invoked"}}
{"recorder_version":"21","session":"dcecba459d8a","build":"192.6262.58","bucket":"37","time":1598942262432,"group":{"id":"debugger.settings.ide","version":"2"},"event":{"state":true,"data":{"created":1598942262432},"id":"invoked"}}
{"recorder_version":"21","session":"dcecba459d8a","build":"192.6262.58","bucket":"37","time":1598942262438,"group":{"id":"ui.fonts","version":"1"},"event":{"state":true,"data":{"os":"Mac","created":1598942262438,"value":1.2},"id":"editor.lineSpacing"}}
{"recorder_version":"21","session":"dcecba459d8a","build":"192.6262.58","bucket":"37","time":1598942262438,"group":{"id":"ui.fonts","version":"1"},"event":{"state":true,"data":{"os":"Mac","created":1598942262439},"id":"IDE.editor.font.size[12]"}}
{"recorder_version":"21","session":"dcecba459d8a","build":"192.6262.58","bucket":"37","time":1598942262438,"group":{"id":"ui.fonts","version":"1"},"event":{"state":true,"data":{"os":"Mac","created":1598942262439},"id":"UI.font.size[13]"}}
{"recorder_version":"21","session":"dcecba459d8a","build":"192.6262.58","bucket":"37","time":1598942262438,"group":{"id":"ui.fonts","version":"1"},"event":{"state":true,"data":{"os":"Mac","created":1598942262440},"id":"IDE.editor.font.name[Menlo]"}}
{"recorder_version":"21","session":"dcecba459d8a","build":"192.6262.58","bucket":"37","time":1598942262438,"group":{"id":"ui.fonts","version":"1"},"event":{"state":true,"data":{"os":"Mac","created":1598942262440},"id":"UI.font.name[.SF_NS_Text]"}}
{"recorder_version":"21","session":"dcecba459d8a","build":"192.6262.58","bucket":"37","time":1598942262438,"group":{"id":"ui.fonts","version":"1"},"event":{"state":true,"data":{"os":"Mac","created":1598942262440},"id":"Presentation.mode.font.size[24]"}}
{"recorder_version":"21","session":"dcecba459d8a","build":"192.6262.58","bucket":"37","time":1598942262438,"group":{"id":"ui.fonts","version":"1"},"event":{"state":true,"data":{"created":1598942262440},"id":"invoked"}}
{"recorder_version":"21","session":"dcecba459d8a","build":"192.6262.58","bucket":"37","time":1598942262438,"group":{"id":"user.advanced.info","version":"2"},"event":{"state":true,"data":{"created":1598942262440},"id":"evaluation"}}
{"recorder_version":"21","session":"dcecba459d8a","build":"192.6262.58","bucket":"37","time":1598942262438,"group":{"id":"user.advanced.info","version":"2"},"event":{"state":true,"data":{"created":1598942262440,"value":"evaluation"},"id":"licencing"}}
{"recorder_version":"21","session":"dcecba459d8a","build":"192.6262.58","bucket":"37","time":1598942262438,"group":{"id":"user.advanced.info","version":"2"},"event":{"state":true,"data":{"created":1598942262440,"value":"release"},"id":"build"}}
{"recorder_version":"21","session":"dcecba459d8a","build":"192.6262.58","bucket":"37","time":1598942262438,"group":{"id":"user.advanced.info","version":"2"},"event":{"state":true,"data":{"created":1598942262441},"id":"release"}}
{"recorder_version":"21","session":"dcecba459d8a","build":"192.6262.58","bucket":"37","time":1598942262438,"group":{"id":"user.advanced.info","version":"2"},"event":{"state":true,"data":{"created":1598942262441},"id":"invoked"}}
{"recorder_version":"21","session":"dcecba459d8a","build":"192.6262.58","bucket":"37","time":1598942262438,"group":{"id":"ui.look.and.feel","version":"1"},"event":{"state":true,"data":{"os":"Mac","created":1598942262441},"id":"Light"}}
{"recorder_version":"21","session":"dcecba459d8a","build":"192.6262.58","bucket":"37","time":1598942262438,"group":{"id":"ui.look.and.feel","version":"1"},"event":{"state":true,"data":{"created":1598942262441},"id":"invoked"}}
{"recorder_version":"21","session":"dcecba459d8a","build":"192.6262.58","bucket":"37","time":1598942262447,"group":{"id":"ui.info.features","version":"2"},"event":{"state":true,"data":{"os":"Mac","created":1598942262447},"id":"Allow.merging.buttons.enabled"}}
{"recorder_version":"21","session":"dcecba459d8a","build":"192.6262.58","bucket":"37","time":1598942262447,"group":{"id":"ui.info.features","version":"2"},"event":{"state":true,"data":{"os":"Mac","created":1598942262447},"id":"QuickDoc.AutoUpdate"}}
{"recorder_version":"21","session":"dcecba459d8a","build":"192.6262.58","bucket":"37","time":1598942262447,"group":{"id":"ui.info.features","version":"2"},"event":{"state":true,"data":{"os":"Mac","created":1598942262447},"id":"Hide.Editor.Tabs.If.Needed"}}
{"recorder_version":"21","session":"dcecba459d8a","build":"192.6262.58","bucket":"37","time":1598942262447,"group":{"id":"ui.info.features","version":"2"},"event":{"state":true,"data":{"grouped":"[30_50]","os":"Mac","created":1598942262447},"id":"recent.files"}}
{"recorder_version":"21","session":"dcecba459d8a","build":"192.6262.58","bucket":"37","time":1598942262447,"group":{"id":"ui.info.features","version":"2"},"event":{"state":true,"data":{"os":"Mac","created":1598942262447},"id":"Line.Numbers"}}
{"recorder_version":"21","session":"dcecba459d8a","build":"192.6262.58","bucket":"37","time":1598942262447,"group":{"id":"ui.info.features","version":"2"},"event":{"state":true,"data":{"os":"Mac","created":1598942262448},"id":"Tabs.Top"}}
{"recorder_version":"21","session":"dcecba459d8a","build":"192.6262.58","bucket":"37","time":1598942262447,"group":{"id":"ui.info.features","version":"2"},"event":{"state":true,"data":{"os":"Mac","created":1598942262448},"id":"Retina"}}
{"recorder_version":"21","session":"dcecba459d8a","build":"192.6262.58","bucket":"37","time":1598942262447,"group":{"id":"ui.info.features","version":"2"},"event":{"state":true,"data":{"os":"Mac","created":1598942262448},"id":"Nav.Bar.visible"}}
{"recorder_version":"21","session":"dcecba459d8a","build":"192.6262.58","bucket":"37","time":1598942262447,"group":{"id":"ui.info.features","version":"2"},"event":{"state":true,"data":{"os":"Mac","created":1598942262448},"id":"Show.Editor.Tabs.In.Single.Row"}}
{"recorder_version":"21","session":"dcecba459d8a","build":"192.6262.58","bucket":"37","time":1598942262447,"group":{"id":"ui.info.features","version":"2"},"event":{"state":true,"data":{"os":"Mac","created":1598942262448},"id":"Recent.Files[30_50]"}}
{"recorder_version":"21","session":"dcecba459d8a","build":"192.6262.58","bucket":"37","time":1598942262447,"group":{"id":"ui.info.features","version":"2"},"event":{"state":true,"data":{"os":"Mac","created":1598942262448},"id":"Status.bar.visible"}}
{"recorder_version":"21","session":"dcecba459d8a","build":"192.6262.58","bucket":"37","time":1598942262447,"group":{"id":"ui.info.features","version":"2"},"event":{"state":true,"data":{"os":"Mac","created":1598942262448},"id":"Tool.Window.buttons.hidden"}}
{"recorder_version":"21","session":"dcecba459d8a","build":"192.6262.58","bucket":"37","time":1598942262447,"group":{"id":"ui.info.features","version":"2"},"event":{"state":true,"data":{"os":"Mac","created":1598942262448},"id":"Gutter.Icons"}}
{"recorder_version":"21","session":"dcecba459d8a","build":"192.6262.58","bucket":"37","time":1598942262447,"group":{"id":"ui.info.features","version":"2"},"event":{"state":true,"data":{"os":"Mac","created":1598942262448},"id":"Toolbar.hidden"}}
{"recorder_version":"21","session":"dcecba459d8a","build":"192.6262.58","bucket":"37","time":1598942262447,"group":{"id":"ui.info.features","version":"2"},"event":{"state":true,"data":{"os":"Mac","created":1598942262448},"id":"Toolbar.and.NavBar"}}
{"recorder_version":"21","session":"dcecba459d8a","build":"192.6262.58","bucket":"37","time":1598942262447,"group":{"id":"ui.info.features","version":"2"},"event":{"state":true,"data":{"created":1598942262449},"id":"invoked"}}
