{"recorder_version":"21","session":"55ae51df10c2","build":"192.6262.58","bucket":"37","time":1598935825444,"group":{"id":"settings","version":"4"},"event":{"state":true,"data":{"component":"UISettings","created":1598935825552},"id":"invoked"}}
{"recorder_version":"21","session":"55ae51df10c2","build":"192.6262.58","bucket":"37","time":1598935825444,"group":{"id":"settings","version":"4"},"event":{"state":true,"data":{"component":"NotRoamableUiSettings","created":1598935825553},"id":"invoked"}}
{"recorder_version":"21","session":"55ae51df10c2","build":"192.6262.58","bucket":"37","time":1598935825446,"group":{"id":"system.java","version":"1"},"event":{"state":true,"data":{"created":1598935825559,"version":"1.11"},"id":"JetBrains"}}
{"recorder_version":"21","session":"55ae51df10c2","build":"192.6262.58","bucket":"37","time":1598935825446,"group":{"id":"system.java","version":"1"},"event":{"state":true,"data":{"created":1598935825560},"id":"invoked"}}
{"recorder_version":"21","session":"55ae51df10c2","build":"192.6262.58","bucket":"37","time":1598935825463,"group":{"id":"system.os","version":"3"},"event":{"state":true,"data":{"created":1598935825560,"version":"10.15"},"id":"Mac"}}
{"recorder_version":"21","session":"55ae51df10c2","build":"192.6262.58","bucket":"37","time":1598935825463,"group":{"id":"system.os","version":"3"},"event":{"state":true,"data":{"created":1598935825561,"name":"Mac","version":"10.15"},"id":"os.name"}}
{"recorder_version":"21","session":"55ae51df10c2","build":"192.6262.58","bucket":"37","time":1598935825463,"group":{"id":"system.os","version":"3"},"event":{"state":true,"data":{"created":1598935825562,"value":"+07_00"},"id":"os.timezone"}}
{"recorder_version":"21","session":"55ae51df10c2","build":"192.6262.58","bucket":"37","time":1598935825463,"group":{"id":"system.os","version":"3"},"event":{"state":true,"data":{"created":1598935825562},"id":"invoked"}}
{"recorder_version":"21","session":"55ae51df10c2","build":"192.6262.58","bucket":"37","time":1598935825552,"group":{"id":"event.log","version":"21"},"event":{"count":1,"data":{"created":1598935825563,"version":"746.0"},"id":"whitelist.loaded"}}
{"recorder_version":"21","session":"55ae51df10c2","build":"192.6262.58","bucket":"37","time":1598935826280,"group":{"id":"settings","version":"4"},"event":{"state":true,"data":{"component":"UpdatesConfigurable","created":1598935826280,"name":"checkNeeded","type":"bool","value":false},"id":"not.default"}}
{"recorder_version":"21","session":"55ae51df10c2","build":"192.6262.58","bucket":"37","time":1598935826280,"group":{"id":"settings","version":"4"},"event":{"state":true,"data":{"component":"UpdatesConfigurable","created":1598935826281},"id":"invoked"}}
{"recorder_version":"21","session":"55ae51df10c2","build":"192.6262.58","bucket":"37","time":1598935826636,"group":{"id":"settings","version":"4"},"event":{"state":true,"data":{"component":"GeneralSettings","created":1598935826636},"id":"invoked"}}
{"recorder_version":"21","session":"55ae51df10c2","build":"192.6262.58","bucket":"37","time":1598935826636,"group":{"id":"lifecycle","version":"21"},"event":{"count":1,"data":{"internal":true,"eap":false,"created":1598935826637},"id":"ide.start"}}
{"recorder_version":"21","session":"55ae51df10c2","build":"192.6262.58","bucket":"37","time":1598935826661,"group":{"id":"performance","version":"21"},"event":{"count":1,"data":{"duration_ms":33,"created":1598935826661},"id":"ui.latency"}}
{"recorder_version":"21","session":"55ae51df10c2","build":"192.6262.58","bucket":"37","time":1598935828172,"group":{"id":"settings","version":"4"},"event":{"state":true,"data":{"component":"XmlEditorOptions","created":1598935828172},"id":"invoked"}}
{"recorder_version":"21","session":"55ae51df10c2","build":"192.6262.58","bucket":"37","time":1598935828736,"group":{"id":"performance","version":"21"},"event":{"count":1,"data":{"duration_ms":100,"created":1598935828737},"id":"ui.lagging"}}
{"recorder_version":"21","session":"55ae51df10c2","build":"192.6262.58","bucket":"37","time":1598935829249,"group":{"id":"actions","version":"21"},"event":{"count":1,"data":{"context_menu":false,"plugin":"com.intellij.java","created":1598935829249,"plugin_type":"JB_BUNDLED","place":"unknown","class":"com.intellij.ide.actions.NewProjectAction","input_event":"MouseLeft"},"id":"WelcomeScreen.CreateNewProject"}}
{"recorder_version":"21","session":"55ae51df10c2","build":"192.6262.58","bucket":"37","time":1598935830242,"group":{"id":"performance","version":"21"},"event":{"count":1,"data":{"duration_ms":605,"created":1598935830242},"id":"ui.lagging"}}
{"recorder_version":"21","session":"55ae51df10c2","build":"192.6262.58","bucket":"37","time":1598935830247,"group":{"id":"ui.dialogs","version":"21"},"event":{"count":1,"data":{"plugin":"com.intellij.java","created":1598935830247,"plugin_type":"JB_BUNDLED","type":"show"},"id":"com.intellij.ide.projectWizard.NewProjectWizard"}}
{"recorder_version":"21","session":"55ae51df10c2","build":"192.6262.58","bucket":"37","time":1598935855977,"group":{"id":"new.project.wizard","version":"1"},"event":{"count":1,"data":{"created":1598935855977,"projectType":"validation.unmatched_rule","plugin_type":"NOT_LISTED"},"id":"attempt"}}
{"recorder_version":"21","session":"55ae51df10c2","build":"192.6262.58","bucket":"37","time":1598935860657,"group":{"id":"new.project.wizard","version":"1"},"event":{"count":1,"data":{"created":1598935860657,"projectType":"validation.unmatched_rule","plugin_type":"NOT_LISTED"},"id":"finish"}}
{"recorder_version":"21","session":"55ae51df10c2","build":"192.6262.58","bucket":"37","time":1598935860691,"group":{"id":"ui.dialogs","version":"21"},"event":{"count":1,"data":{"code":0,"plugin":"com.intellij.java","created":1598935860691,"plugin_type":"JB_BUNDLED","type":"close"},"id":"com.intellij.ide.projectWizard.NewProjectWizard"}}
{"recorder_version":"21","session":"55ae51df10c2","build":"192.6262.58","bucket":"37","time":1598935861341,"group":{"id":"performance","version":"21"},"event":{"count":1,"data":{"duration_ms":636,"created":1598935861341},"id":"ui.lagging"}}
{"recorder_version":"21","session":"55ae51df10c2","build":"192.6262.58","bucket":"37","time":1598935861658,"group":{"id":"ui.dialogs","version":"21"},"event":{"count":1,"data":{"created":1598935861658,"plugin_type":"PLATFORM","type":"show"},"id":"com.intellij.openapi.progress.util.ProgressDialog$MyDialogWrapper"}}
{"recorder_version":"21","session":"55ae51df10c2","build":"192.6262.58","bucket":"37","time":1598935873457,"group":{"id":"ui.dialogs","version":"21"},"event":{"count":1,"data":{"code":1,"created":1598935873457,"plugin_type":"PLATFORM","type":"close"},"id":"com.intellij.openapi.progress.util.ProgressDialog$MyDialogWrapper"}}
{"recorder_version":"21","session":"55ae51df10c2","build":"192.6262.58","bucket":"37","time":1598935873613,"group":{"id":"lifecycle","version":"21"},"event":{"count":1,"data":{"created":1598935873613,"project":"2a01d4dd650215c704f580f361e9dbc7ef4d892f11a66eec055544305df8a854"},"id":"project.opened"}}
{"recorder_version":"21","session":"55ae51df10c2","build":"192.6262.58","bucket":"37","time":1598935874100,"group":{"id":"performance","version":"21"},"event":{"count":1,"data":{"duration_ms":362,"created":1598935874100},"id":"ui.lagging"}}
{"recorder_version":"21","session":"55ae51df10c2","build":"192.6262.58","bucket":"37","time":1598935874152,"group":{"id":"ui.dialogs","version":"21"},"event":{"count":1,"data":{"created":1598935874152,"plugin_type":"PLATFORM","type":"show"},"id":"com.intellij.openapi.progress.util.ProgressDialog$MyDialogWrapper"}}
{"recorder_version":"21","session":"55ae51df10c2","build":"192.6262.58","bucket":"37","time":1598935874493,"group":{"id":"ui.tips","version":"2"},"event":{"count":1,"data":{"created":1598935874494,"type":"automatically"},"id":"dialog.shown"}}
{"recorder_version":"21","session":"55ae51df10c2","build":"192.6262.58","bucket":"37","time":1598935874561,"group":{"id":"ui.dialogs","version":"21"},"event":{"count":1,"data":{"created":1598935874561,"plugin_type":"PLATFORM","type":"show"},"id":"com.intellij.ide.util.TipDialog"}}
{"recorder_version":"21","session":"55ae51df10c2","build":"192.6262.58","bucket":"37","time":1598935875694,"group":{"id":"ui.dialogs","version":"21"},"event":{"count":1,"data":{"code":1,"created":1598935875694,"plugin_type":"PLATFORM","type":"close"},"id":"com.intellij.openapi.progress.util.ProgressDialog$MyDialogWrapper"}}
{"recorder_version":"21","session":"55ae51df10c2","build":"192.6262.58","bucket":"37","time":1598935875958,"group":{"id":"lifecycle","version":"21"},"event":{"count":1,"data":{"created":1598935875958,"project":"2a01d4dd650215c704f580f361e9dbc7ef4d892f11a66eec055544305df8a854"},"id":"frame.deactivated"}}
{"recorder_version":"21","session":"55ae51df10c2","build":"192.6262.58","bucket":"37","time":1598935876086,"group":{"id":"lifecycle","version":"21"},"event":{"count":1,"data":{"created":1598935876086,"project":"2a01d4dd650215c704f580f361e9dbc7ef4d892f11a66eec055544305df8a854"},"id":"frame.activated"}}
{"recorder_version":"21","session":"55ae51df10c2","build":"192.6262.58","bucket":"37","time":1598935876122,"group":{"id":"performance","version":"21"},"event":{"count":1,"data":{"duration_ms":377,"created":1598935876122},"id":"ui.lagging"}}
{"recorder_version":"21","session":"55ae51df10c2","build":"192.6262.58","bucket":"37","time":1598935876207,"group":{"id":"project.fs","version":"1"},"event":{"state":true,"data":{"os":"Mac","cs-project":false,"created":1598935876207,"project":"2a01d4dd650215c704f580f361e9dbc7ef4d892f11a66eec055544305df8a854","cs-implicit":true,"cs-system":false},"id":"case-sensitivity"}}
{"recorder_version":"21","session":"55ae51df10c2","build":"192.6262.58","bucket":"37","time":1598935876207,"group":{"id":"project.fs","version":"1"},"event":{"state":true,"data":{"created":1598935876207},"id":"invoked"}}
{"recorder_version":"21","session":"55ae51df10c2","build":"192.6262.58","bucket":"37","time":1598935876208,"group":{"id":"project.fs","version":"1"},"event":{"state":true,"data":{"pct-non-watched":0,"created":1598935876208,"project":"2a01d4dd650215c704f580f361e9dbc7ef4d892f11a66eec055544305df8a854"},"id":"roots-watched"}}
{"recorder_version":"21","session":"55ae51df10c2","build":"192.6262.58","bucket":"37","time":1598935876208,"group":{"id":"project.fs","version":"1"},"event":{"state":true,"data":{"created":1598935876208},"id":"invoked"}}
{"recorder_version":"21","session":"55ae51df10c2","build":"192.6262.58","bucket":"37","time":1598935876299,"group":{"id":"lifecycle","version":"21"},"event":{"count":1,"data":{"duration_ms":15548,"created":1598935876300,"project":"2a01d4dd650215c704f580f361e9dbc7ef4d892f11a66eec055544305df8a854"},"id":"project.opening.finished"}}
{"recorder_version":"21","session":"55ae51df10c2","build":"192.6262.58","bucket":"37","time":1598935879371,"group":{"id":"ui.dialogs","version":"21"},"event":{"count":1,"data":{"code":1,"created":1598935879371,"plugin_type":"PLATFORM","type":"close"},"id":"com.intellij.ide.util.TipDialog"}}
{"recorder_version":"21","session":"55ae51df10c2","build":"192.6262.58","bucket":"37","time":1598935885070,"group":{"id":"kotlin.jps.target","version":"1"},"event":{"count":1,"data":{"plugin_version":"1.3.41-release-IJ2019.2-1","created":1598935885070},"id":"jvm"}}
{"recorder_version":"21","session":"55ae51df10c2","build":"192.6262.58","bucket":"37","time":1598935885876,"group":{"id":"file.types.usage","version":"21"},"event":{"count":1,"data":{"plugin":"Dart","created":1598935885876,"plugin_type":"JB_NOT_BUNDLED","project":"2a01d4dd650215c704f580f361e9dbc7ef4d892f11a66eec055544305df8a854","type":"open"},"id":"Dart"}}
{"recorder_version":"21","session":"55ae51df10c2","build":"192.6262.58","bucket":"37","time":1598935886101,"group":{"id":"performance","version":"21"},"event":{"count":1,"data":{"duration_ms":333,"created":1598935886101},"id":"ui.lagging"}}
{"recorder_version":"21","session":"55ae51df10c2","build":"192.6262.58","bucket":"37","time":1598935886923,"group":{"id":"toolwindow","version":"21"},"event":{"count":1,"data":{"os":"Mac","created":1598935886923,"plugin_type":"PLATFORM"},"id":"Project"}}
{"recorder_version":"21","session":"55ae51df10c2","build":"192.6262.58","bucket":"37","time":1598935894962,"group":{"id":"toolwindow","version":"21"},"event":{"count":1,"data":{"os":"Mac","created":1598935894962,"plugin_type":"UNKNOWN"},"id":"third.party"}}
{"recorder_version":"21","session":"55ae51df10c2","build":"192.6262.58","bucket":"37","time":1598935897673,"group":{"id":"actions","version":"21"},"event":{"count":2,"data":{"context_menu":false,"last":1598935897675,"created":1598935897673,"plugin_type":"PLATFORM","project":"2a01d4dd650215c704f580f361e9dbc7ef4d892f11a66eec055544305df8a854","place":"ToolwindowTitle","class":"com.intellij.openapi.wm.impl.ToolWindowHeader$HideAction","input_event":"MouseLeft"},"id":"HideActiveWindow"}}
{"recorder_version":"21","session":"55ae51df10c2","build":"192.6262.58","bucket":"37","time":1598935897676,"group":{"id":"toolwindow","version":"21"},"event":{"count":1,"data":{"os":"Mac","created":1598935897676,"plugin_type":"PLATFORM"},"id":"Project"}}
{"recorder_version":"21","session":"55ae51df10c2","build":"192.6262.58","bucket":"37","time":1598935897834,"group":{"id":"toolbar","version":"21"},"event":{"count":1,"data":{"context_menu":false,"created":1598935897834,"plugin_type":"PLATFORM","project":"2a01d4dd650215c704f580f361e9dbc7ef4d892f11a66eec055544305df8a854","place":"ToolwindowTitle","class":"com.intellij.openapi.wm.impl.ToolWindowHeader$HideAction","input_event":"MouseLeft"},"id":"HideActiveWindow"}}
{"recorder_version":"21","session":"55ae51df10c2","build":"192.6262.58","bucket":"37","time":1598935899375,"group":{"id":"lifecycle","version":"21"},"event":{"count":1,"data":{"created":1598935899375,"plugin_type":"PLATFORM","error":"java.lang.NullPointerException"},"id":"ide.error"}}
{"recorder_version":"21","session":"55ae51df10c2","build":"192.6262.58","bucket":"37","time":1598935899919,"group":{"id":"toolwindow","version":"21"},"event":{"count":1,"data":{"os":"Mac","created":1598935899919,"plugin_type":"PLATFORM"},"id":"Project"}}
{"recorder_version":"21","session":"55ae51df10c2","build":"192.6262.58","bucket":"37","time":1598935904436,"group":{"id":"performance","version":"21"},"event":{"count":1,"data":{"duration_ms":632,"created":1598935904437},"id":"ui.lagging"}}
{"recorder_version":"21","session":"55ae51df10c2","build":"192.6262.58","bucket":"37","time":1598935907787,"group":{"id":"actions","version":"21"},"event":{"count":1,"data":{"context_menu":true,"created":1598935907787,"plugin_type":"NOT_LISTED","project":"2a01d4dd650215c704f580f361e9dbc7ef4d892f11a66eec055544305df8a854","place":"ProjectViewPopup","class":"third.party","input_event":"MouseLeft"},"id":"third.party"}}
{"recorder_version":"21","session":"55ae51df10c2","build":"192.6262.58","bucket":"37","time":1598935907820,"group":{"id":"ui.dialogs","version":"21"},"event":{"count":1,"data":{"created":1598935907820,"plugin_type":"PLATFORM","type":"show"},"id":"com.intellij.openapi.ui.Messages$InputDialog"}}
{"recorder_version":"21","session":"55ae51df10c2","build":"192.6262.58","bucket":"37","time":1598935911634,"group":{"id":"ui.dialogs","version":"21"},"event":{"count":1,"data":{"code":0,"created":1598935911634,"plugin_type":"PLATFORM","type":"close"},"id":"com.intellij.openapi.ui.Messages$InputDialog"}}
{"recorder_version":"21","session":"55ae51df10c2","build":"192.6262.58","bucket":"37","time":1598935911683,"group":{"id":"lifecycle","version":"21"},"event":{"count":1,"data":{"created":1598935911684,"project":"2a01d4dd650215c704f580f361e9dbc7ef4d892f11a66eec055544305df8a854"},"id":"frame.deactivated"}}
{"recorder_version":"21","session":"55ae51df10c2","build":"192.6262.58","bucket":"37","time":1598935911704,"group":{"id":"lifecycle","version":"21"},"event":{"count":1,"data":{"created":1598935911705,"project":"2a01d4dd650215c704f580f361e9dbc7ef4d892f11a66eec055544305df8a854"},"id":"frame.activated"}}
{"recorder_version":"21","session":"55ae51df10c2","build":"192.6262.58","bucket":"37","time":1598935911710,"group":{"id":"lifecycle","version":"21"},"event":{"count":1,"data":{"created":1598935911711,"plugin_type":"NOT_LISTED","error":"java.lang.Throwable"},"id":"ide.error"}}
{"recorder_version":"21","session":"55ae51df10c2","build":"192.6262.58","bucket":"37","time":1598935922417,"group":{"id":"lifecycle","version":"21"},"event":{"count":1,"data":{"created":1598935922417,"project":"2a01d4dd650215c704f580f361e9dbc7ef4d892f11a66eec055544305df8a854"},"id":"frame.deactivated"}}
{"recorder_version":"21","session":"55ae51df10c2","build":"192.6262.58","bucket":"37","time":1598935926845,"group":{"id":"performance","version":"21"},"event":{"count":1,"data":{"duration_ms":1,"created":1598935926845},"id":"ui.latency"}}
{"recorder_version":"21","session":"55ae51df10c2","build":"192.6262.58","bucket":"37","time":1598936007210,"group":{"id":"event.log","version":"21"},"event":{"count":1,"data":{"created":1598936007211,"version":"1401.0"},"id":"whitelist.updated"}}
